This file contains any messages produced by compilers while
running configure, to aid debugging if configure makes a mistake.

It was created by goaccess configure 1.2, which was
generated by GNU Autoconf 2.69.  Invocation command line was

  $ ./configure --enable-geoip=mmdb --enable-utf8

## --------- ##
## Platform. ##
## --------- ##

hostname = cfylaptop
uname -m = x86_64
uname -r = 4.9.0-4-amd64
uname -s = Linux
uname -v = #1 SMP Debian 4.9.51-1 (2017-09-28)

/usr/bin/uname -p = unknown
/bin/uname -X     = unknown

/bin/arch              = unknown
/usr/bin/arch -k       = unknown
/usr/convex/getsysinfo = unknown
/usr/bin/hostinfo      = unknown
/bin/machine           = unknown
/usr/bin/oslevel       = unknown
/bin/universe          = unknown

PATH: /usr/local/bin
PATH: /usr/bin
PATH: /bin
PATH: /usr/local/games
PATH: /usr/games
PATH: /usr/local/sbin
PATH: /usr/local/bin/arduino
PATH: /opt/Qt/Tools/QtCreator/bin
PATH: /home/celforyon/bin
PATH: /home/celforyon/bin/math


## ----------- ##
## Core tests. ##
## ----------- ##

configure:2412: checking for a BSD-compatible install
configure:2480: result: /usr/bin/install -c
configure:2491: checking whether build environment is sane
configure:2541: result: yes
configure:2682: checking for a thread-safe mkdir -p
configure:2721: result: /bin/mkdir -p
configure:2734: checking for gawk
configure:2750: found /usr/bin/gawk
configure:2761: result: gawk
configure:2772: checking whether make sets $(MAKE)
configure:2794: result: yes
configure:2931: checking for gcc
configure:2947: found /usr/bin/gcc
configure:2958: result: gcc
configure:3187: checking for C compiler version
configure:3196: gcc --version >&5
gcc (Debian 6.3.0-18) 6.3.0 20170516
Copyright (C) 2016 Free Software Foundation, Inc.
This is free software; see the source for copying conditions.  There is NO
warranty; not even for MERCHANTABILITY or FITNESS FOR A PARTICULAR PURPOSE.

configure:3207: $? = 0
configure:3196: gcc -v >&5
Using built-in specs.
COLLECT_GCC=gcc
COLLECT_LTO_WRAPPER=/usr/lib/gcc/x86_64-linux-gnu/6/lto-wrapper
Target: x86_64-linux-gnu
Configured with: ../src/configure -v --with-pkgversion='Debian 6.3.0-18' --with-bugurl=file:///usr/share/doc/gcc-6/README.Bugs --enable-languages=c,ada,c++,java,go,d,fortran,objc,obj-c++ --prefix=/usr --program-suffix=-6 --program-prefix=x86_64-linux-gnu- --enable-shared --enable-linker-build-id --libexecdir=/usr/lib --without-included-gettext --enable-threads=posix --libdir=/usr/lib --enable-nls --with-sysroot=/ --enable-clocale=gnu --enable-libstdcxx-debug --enable-libstdcxx-time=yes --with-default-libstdcxx-abi=new --enable-gnu-unique-object --disable-vtable-verify --enable-libmpx --enable-plugin --enable-default-pie --with-system-zlib --disable-browser-plugin --enable-java-awt=gtk --enable-gtk-cairo --with-java-home=/usr/lib/jvm/java-1.5.0-gcj-6-amd64/jre --enable-java-home --with-jvm-root-dir=/usr/lib/jvm/java-1.5.0-gcj-6-amd64 --with-jvm-jar-dir=/usr/lib/jvm-exports/java-1.5.0-gcj-6-amd64 --with-arch-directory=amd64 --with-ecj-jar=/usr/share/java/eclipse-ecj.jar --with-target-system-zlib --enable-objc-gc=auto --enable-multiarch --with-arch-32=i686 --with-abi=m64 --with-multilib-list=m32,m64,mx32 --enable-multilib --with-tune=generic --enable-checking=release --build=x86_64-linux-gnu --host=x86_64-linux-gnu --target=x86_64-linux-gnu
Thread model: posix
gcc version 6.3.0 20170516 (Debian 6.3.0-18) 
configure:3207: $? = 0
configure:3196: gcc -V >&5
gcc: error: unrecognized command line option '-V'
gcc: fatal error: no input files
compilation terminated.
configure:3207: $? = 1
configure:3196: gcc -qversion >&5
gcc: error: unrecognized command line option '-qversion'; did you mean '--version'?
gcc: fatal error: no input files
compilation terminated.
configure:3207: $? = 1
configure:3227: checking whether the C compiler works
configure:3249: gcc    conftest.c  >&5
configure:3253: $? = 0
configure:3301: result: yes
configure:3304: checking for C compiler default output file name
configure:3306: result: a.out
configure:3312: checking for suffix of executables
configure:3319: gcc -o conftest    conftest.c  >&5
configure:3323: $? = 0
configure:3345: result: 
configure:3367: checking whether we are cross compiling
configure:3375: gcc -o conftest    conftest.c  >&5
configure:3379: $? = 0
configure:3386: ./conftest
configure:3390: $? = 0
configure:3405: result: no
configure:3410: checking for suffix of object files
configure:3432: gcc -c   conftest.c >&5
configure:3436: $? = 0
configure:3457: result: o
configure:3461: checking whether we are using the GNU C compiler
configure:3480: gcc -c   conftest.c >&5
configure:3480: $? = 0
configure:3489: result: yes
configure:3498: checking whether gcc accepts -g
configure:3518: gcc -c -g  conftest.c >&5
configure:3518: $? = 0
configure:3559: result: yes
configure:3576: checking for gcc option to accept ISO C89
configure:3639: gcc  -c   conftest.c >&5
configure:3639: $? = 0
configure:3652: result: none needed
configure:3683: checking for style of include used by make
configure:3711: result: GNU
configure:3737: checking dependency style of gcc
configure:3848: result: gcc3
configure:3864: checking whether gcc and cc understand -c and -o together
configure:3895: gcc -c conftest.c -o conftest2.o >&5
configure:3899: $? = 0
configure:3905: gcc -c conftest.c -o conftest2.o >&5
configure:3909: $? = 0
configure:3920: cc -c conftest.c >&5
configure:3924: $? = 0
configure:3932: cc -c conftest.c -o conftest2.o >&5
configure:3936: $? = 0
configure:3942: cc -c conftest.c -o conftest2.o >&5
configure:3946: $? = 0
configure:3964: result: yes
configure:3992: checking for pthread_create in -lpthread
configure:4017: gcc -o conftest    conftest.c -lpthread   >&5
configure:4017: $? = 0
configure:4026: result: yes
configure:4069: checking build system type
configure:4083: result: x86_64-unknown-linux-gnu
configure:4103: checking host system type
configure:4116: result: x86_64-unknown-linux-gnu
configure:4136: checking whether to build with rdynamic for GNU ld
configure:4143: result: yes
configure:4272: checking for MMDB_open in -lmaxminddb
configure:4297: gcc -o conftest  -pthread   conftest.c -lmaxminddb  -lpthread  >&5
/usr/bin/ld: cannot find -lmaxminddb
collect2: error: ld returned 1 exit status
configure:4297: $? = 1
configure: failed program was:
| /* confdefs.h */
| #define PACKAGE_NAME "goaccess"
| #define PACKAGE_TARNAME "goaccess"
| #define PACKAGE_VERSION "1.2"
| #define PACKAGE_STRING "goaccess 1.2"
| #define PACKAGE_BUGREPORT "goaccess@prosoftcorp.com"
| #define PACKAGE_URL "http://goaccess.io"
| #define PACKAGE "goaccess"
| #define VERSION "1.2"
| #define HAVE_LIBPTHREAD 1
| /* end confdefs.h.  */
| 
| /* Override any GCC internal prototype to avoid an error.
|    Use char because int might match the return type of a GCC
|    builtin and then its argument prototype would still apply.  */
| #ifdef __cplusplus
| extern "C"
| #endif
| char MMDB_open ();
| int
| main ()
| {
| return MMDB_open ();
|   ;
|   return 0;
| }
configure:4306: result: no
configure:4316: error: 
    *** Missing development files for libmaxminddb library.
  

## ---------------- ##
## Cache variables. ##
## ---------------- ##

ac_cv_build=x86_64-unknown-linux-gnu
ac_cv_c_compiler_gnu=yes
ac_cv_env_CC_set=
ac_cv_env_CC_value=
ac_cv_env_CFLAGS_set=
ac_cv_env_CFLAGS_value=
ac_cv_env_CPPFLAGS_set=
ac_cv_env_CPPFLAGS_value=
ac_cv_env_CPP_set=
ac_cv_env_CPP_value=
ac_cv_env_LDFLAGS_set=
ac_cv_env_LDFLAGS_value=
ac_cv_env_LIBS_set=
ac_cv_env_LIBS_value=
ac_cv_env_build_alias_set=
ac_cv_env_build_alias_value=
ac_cv_env_host_alias_set=
ac_cv_env_host_alias_value=
ac_cv_env_target_alias_set=
ac_cv_env_target_alias_value=
ac_cv_host=x86_64-unknown-linux-gnu
ac_cv_lib_maxminddb_MMDB_open=no
ac_cv_lib_pthread_pthread_create=yes
ac_cv_objext=o
ac_cv_path_install='/usr/bin/install -c'
ac_cv_path_mkdir=/bin/mkdir
ac_cv_prog_AWK=gawk
ac_cv_prog_ac_ct_CC=gcc
ac_cv_prog_cc_c89=
ac_cv_prog_cc_g=yes
ac_cv_prog_cc_gcc_c_o=yes
ac_cv_prog_make_make_set=yes
am_cv_CC_dependencies_compiler_type=gcc3

## ----------------- ##
## Output variables. ##
## ----------------- ##

ACLOCAL='${SHELL} /home/celforyon/projects/docker/goaccess/goaccess-1.2/missing --run aclocal-1.11'
AMDEPBACKSLASH='\'
AMDEP_FALSE='#'
AMDEP_TRUE=''
AMTAR='$${TAR-tar}'
AUTOCONF='${SHELL} /home/celforyon/projects/docker/goaccess/goaccess-1.2/missing --run autoconf'
AUTOHEADER='${SHELL} /home/celforyon/projects/docker/goaccess/goaccess-1.2/missing --run autoheader'
AUTOMAKE='${SHELL} /home/celforyon/projects/docker/goaccess/goaccess-1.2/missing --run automake-1.11'
AWK='gawk'
CC='gcc'
CCDEPMODE='depmode=gcc3'
CFLAGS=' -pthread'
CPP=''
CPPFLAGS=''
CYGPATH_W='echo'
DEBUG_FALSE=''
DEBUG_TRUE='#'
DEFS=''
DEPDIR='.deps'
ECHO_C=''
ECHO_N='-n'
ECHO_T=''
EGREP=''
EXEEXT=''
GEOIP_LEGACY_FALSE=''
GEOIP_LEGACY_TRUE=''
GEOIP_MMDB_FALSE=''
GEOIP_MMDB_TRUE=''
GREP=''
INSTALL_DATA='${INSTALL} -m 644'
INSTALL_PROGRAM='${INSTALL}'
INSTALL_SCRIPT='${INSTALL}'
INSTALL_STRIP_PROGRAM='$(install_sh) -c -s'
LDFLAGS=''
LIBOBJS=''
LIBS='-lpthread '
LTLIBOBJS=''
MAKEINFO='${SHELL} /home/celforyon/projects/docker/goaccess/goaccess-1.2/missing --run makeinfo'
MKDIR_P='/bin/mkdir -p'
OBJEXT='o'
PACKAGE='goaccess'
PACKAGE_BUGREPORT='goaccess@prosoftcorp.com'
PACKAGE_NAME='goaccess'
PACKAGE_STRING='goaccess 1.2'
PACKAGE_TARNAME='goaccess'
PACKAGE_URL='http://goaccess.io'
PACKAGE_VERSION='1.2'
PATH_SEPARATOR=':'
POW_LIB=''
SET_MAKE=''
SHELL='/bin/bash'
STRIP=''
TCB_FALSE=''
TCB_TRUE=''
VERSION='1.2'
WITH_RDYNAMIC_FALSE='#'
WITH_RDYNAMIC_TRUE=''
ac_ct_CC='gcc'
am__EXEEXT_FALSE=''
am__EXEEXT_TRUE=''
am__fastdepCC_FALSE='#'
am__fastdepCC_TRUE=''
am__include='include'
am__isrc=''
am__leading_dot='.'
am__nodep='_no'
am__quote=''
am__tar='$${TAR-tar} chof - "$$tardir"'
am__untar='$${TAR-tar} xf -'
bindir='${exec_prefix}/bin'
build='x86_64-unknown-linux-gnu'
build_alias=''
build_cpu='x86_64'
build_os='linux-gnu'
build_vendor='unknown'
datadir='${datarootdir}'
datarootdir='${prefix}/share'
docdir='${datarootdir}/doc/${PACKAGE_TARNAME}'
dvidir='${docdir}'
exec_prefix='NONE'
host='x86_64-unknown-linux-gnu'
host_alias=''
host_cpu='x86_64'
host_os='linux-gnu'
host_vendor='unknown'
htmldir='${docdir}'
includedir='${prefix}/include'
infodir='${datarootdir}/info'
install_sh='${SHELL} /home/celforyon/projects/docker/goaccess/goaccess-1.2/install-sh'
libdir='${exec_prefix}/lib'
libexecdir='${exec_prefix}/libexec'
localedir='${datarootdir}/locale'
localstatedir='${prefix}/var'
mandir='${datarootdir}/man'
mkdir_p='/bin/mkdir -p'
oldincludedir='/usr/include'
pdfdir='${docdir}'
prefix='NONE'
program_transform_name='s,x,x,'
psdir='${docdir}'
sbindir='${exec_prefix}/sbin'
sharedstatedir='${prefix}/com'
sysconfdir='${prefix}/etc'
target_alias=''

## ----------- ##
## confdefs.h. ##
## ----------- ##

/* confdefs.h */
#define PACKAGE_NAME "goaccess"
#define PACKAGE_TARNAME "goaccess"
#define PACKAGE_VERSION "1.2"
#define PACKAGE_STRING "goaccess 1.2"
#define PACKAGE_BUGREPORT "goaccess@prosoftcorp.com"
#define PACKAGE_URL "http://goaccess.io"
#define PACKAGE "goaccess"
#define VERSION "1.2"
#define HAVE_LIBPTHREAD 1

configure: exit 1
